d:\cau\clientautoupdate\clientautoupdate\x64\release\clientautoupdate.obj
d:\cau\clientautoupdate\clientautoupdate\x64\release\downloader.obj
d:\cau\clientautoupdate\clientautoupdate\x64\release\main.obj
d:\cau\clientautoupdate\clientautoupdate\x64\release\error.obj
d:\cau\clientautoupdate\clientautoupdate\x64\release\progressdialog.obj
d:\cau\clientautoupdate\clientautoupdate\x64\release\libcurl.obj
d:\cau\clientautoupdate\clientautoupdate\x64\release\vc140.pdb
d:\cau\clientautoupdate\clientautoupdate\x64\release\moc_clientautoupdate.obj
d:\cau\clientautoupdate\clientautoupdate\x64\release\moc_progressdialog.obj
d:\cau\clientautoupdate\clientautoupdate\x64\release\moc_error.obj
d:\cau\clientautoupdate\clientautoupdate\x64\release\uic\ui_clientautoupdate.h
d:\cau\clientautoupdate\clientautoupdate\x64\release\uic\ui_error.h
d:\cau\clientautoupdate\clientautoupdate\x64\release\uic\ui_progressdialog.h
d:\cau\clientautoupdate\clientautoupdate\x64\release\moc\moc_clientautoupdate.cpp
d:\cau\clientautoupdate\clientautoupdate\x64\release\moc\moc_progressdialog.cpp
d:\cau\clientautoupdate\clientautoupdate\x64\release\moc\moc_error.cpp
d:\cau\clientautoupdate\x64\release\clientautoupdate.ilk
d:\cau\clientautoupdate\x64\release\clientautoupdate.exe
d:\cau\clientautoupdate\x64\release\clientautoupdate.pdb
d:\cau\clientautoupdate\clientautoupdate\x64\release\clientautoupdate.tlog\cl.command.1.tlog
d:\cau\clientautoupdate\clientautoupdate\x64\release\clientautoupdate.tlog\cl.read.1.tlog
d:\cau\clientautoupdate\clientautoupdate\x64\release\clientautoupdate.tlog\cl.write.1.tlog
d:\cau\clientautoupdate\clientautoupdate\x64\release\clientautoupdate.tlog\clientautoupdate.write.1u.tlog
d:\cau\clientautoupdate\clientautoupdate\x64\release\clientautoupdate.tlog\link.command.1.tlog
d:\cau\clientautoupdate\clientautoupdate\x64\release\clientautoupdate.tlog\link.read.1.tlog
d:\cau\clientautoupdate\clientautoupdate\x64\release\clientautoupdate.tlog\link.write.1.tlog
d:\cau\clientautoupdate\clientautoupdate\x64\release\clientautoupdate.tlog\moc.read.1u.tlog
d:\cau\clientautoupdate\clientautoupdate\x64\release\clientautoupdate.tlog\moc.write.1u.tlog
d:\cau\clientautoupdate\clientautoupdate\x64\release\clientautoupdate.tlog\uic.read.1u.tlog
d:\cau\clientautoupdate\clientautoupdate\x64\release\clientautoupdate.tlog\uic.write.1u.tlog
